This is pdfTeX, Version 3.14159265-2.6-1.40.20 (TeX Live 2019) (preloaded format=pdflatex 2019.7.3)  8 JUN 2020 15:23
entering extended mode
 restricted \write18 enabled.
 file:line:error style messages enabled.
 %&-line parsing enabled.
**references.bib
(./references.bib
LaTeX2e <2018-12-01>

./references.bib:2: LaTeX Error: Missing \begin{document}.

See the LaTeX manual or LaTeX Companion for explanation.
Type  H <return>  for immediate help.
 ...                                              
                                                  
l.2 @
     article{Nicas2009,
? 
./references.bib:2: Emergency stop.
 ...                                              
                                                  
l.2 @
     article{Nicas2009,
You're in trouble here.  Try typing  <return>  to proceed.
If that doesn't work, type  X <return>  to quit.

 
Here is how much of TeX's memory you used:
 7 strings out of 492616
 276 string characters out of 6129482
 57569 words of memory out of 5000000
 4025 multiletter control sequences out of 15000+600000
 3640 words of font info for 14 fonts, out of 8000000 for 9000
 1141 hyphenation exceptions out of 8191
 5i,0n,4p,36b,14s stack positions out of 5000i,500n,10000p,200000b,80000s
./references.bib:2:  ==> Fatal error occurred, no output PDF file produced!
